<?xml version="1.0" encoding="UTF-8"?>
<!-- Generated by org.testng.reporters.JUnitReportReporter -->
<testsuite skipped="0" hostname="ip-172-31-10-106" name="test.ExcelRead" tests="1" failures="0" timestamp="2021-02-23T05:44:32 UTC" time="4.825" errors="0">
  <testcase name="login" time="4.825" classname="test.ExcelRead"/>
  <system-out/>
</testsuite> <!-- test.ExcelRead -->
