<?xml version="1.0" encoding="UTF-8"?>
<!-- Generated by org.testng.reporters.JUnitReportReporter -->
<testsuite skipped="0" hostname="ip-172-31-10-106" name="test.CrossBrowser" tests="4" failures="0" timestamp="2021-02-23T06:16:10 UTC" time="23.370" errors="0">
  <testcase name="testcase2" time="2.556" classname="test.CrossBrowser"/>
  <system-out/>
  <testcase name="launchFirefox" time="17.059" classname="test.CrossBrowser"/>
  <system-out/>
  <testcase name="lunchChrome" time="1.740" classname="test.CrossBrowser"/>
  <system-out/>
  <testcase name="testcase1" time="2.015" classname="test.CrossBrowser"/>
  <system-out/>
</testsuite> <!-- test.CrossBrowser -->
